<?xml version="1.0" encoding="UTF-8"?>
<testng-results skipped="0" failed="0" ignored="0" total="3" passed="3">
  <reporter-output>
  </reporter-output>
  <suite name="Default suite" duration-ms="10352" started-at="2020-12-14T02:51:19 IST" finished-at="2020-12-14T02:51:30 IST">
    <groups>
    </groups>
    <test name="Default test" duration-ms="10352" started-at="2020-12-14T02:51:19 IST" finished-at="2020-12-14T02:51:30 IST">
      <class name="Addlibbook">
        <test-method status="PASS" signature="addbook(java.lang.String, java.lang.String)[pri:0, instance:Addlibbook@78e67e0a]" name="addbook" duration-ms="9537" started-at="2020-12-14T02:51:19 IST" data-provider="BookData" finished-at="2020-12-14T02:51:29 IST">
          <params>
            <param index="0">
              <value>
                <![CDATA[hello]]>
              </value>
            </param>
            <param index="1">
              <value>
                <![CDATA[1234]]>
              </value>
            </param>
          </params>
          <reporter-output>
          </reporter-output>
        </test-method> <!-- addbook -->
        <test-method status="PASS" signature="addbook(java.lang.String, java.lang.String)[pri:0, instance:Addlibbook@78e67e0a]" name="addbook" duration-ms="386" started-at="2020-12-14T02:51:29 IST" data-provider="BookData" finished-at="2020-12-14T02:51:29 IST">
          <params>
            <param index="0">
              <value>
                <![CDATA[world]]>
              </value>
            </param>
            <param index="1">
              <value>
                <![CDATA[3214]]>
              </value>
            </param>
          </params>
          <reporter-output>
          </reporter-output>
        </test-method> <!-- addbook -->
        <test-method status="PASS" signature="addbook(java.lang.String, java.lang.String)[pri:0, instance:Addlibbook@78e67e0a]" name="addbook" duration-ms="362" started-at="2020-12-14T02:51:29 IST" data-provider="BookData" finished-at="2020-12-14T02:51:30 IST">
          <params>
            <param index="0">
              <value>
                <![CDATA[welcome]]>
              </value>
            </param>
            <param index="1">
              <value>
                <![CDATA[3398]]>
              </value>
            </param>
          </params>
          <reporter-output>
          </reporter-output>
        </test-method> <!-- addbook -->
      </class> <!-- Addlibbook -->
    </test> <!-- Default test -->
  </suite> <!-- Default suite -->
</testng-results>
